<?xml version="1.0" encoding="UTF-8"?>
<testsuites>
  <testsuite name="/var/www/html/valksor/src/Valksor/Component/Sse/phpunit.xml" tests="48" assertions="92" errors="0" failures="0" skipped="0" time="0.000000">
    <testsuite name="Sse Component" tests="48" assertions="92" errors="0" failures="0" skipped="0" time="0.000000">
      <testsuite name="Valksor\Component\Sse\Tests\AbstractServiceTest" file="/var/www/html/valksor/src/Valksor/Component/Sse/Tests/AbstractServiceTest.php" tests="7" assertions="16" errors="0" failures="0" skipped="0" time="0.000000">
        <testcase name="testIsProcessRunningRemovesInvalidPidFile" file="/var/www/html/valksor/src/Valksor/Component/Sse/Tests/AbstractServiceTest.php" line="42" class="Valksor\Component\Sse\Tests\AbstractServiceTest" classname="Valksor.Component.Sse.Tests.AbstractServiceTest" assertions="2" time="0.000000"/>
        <testcase name="testIsProcessRunningReturnsTrueForExistingProcess" file="/var/www/html/valksor/src/Valksor/Component/Sse/Tests/AbstractServiceTest.php" line="52" class="Valksor\Component\Sse\Tests\AbstractServiceTest" classname="Valksor.Component.Sse.Tests.AbstractServiceTest" assertions="1" time="0.000000"/>
        <testcase name="testPReadsValuesWithNamespacePrefix" file="/var/www/html/valksor/src/Valksor/Component/Sse/Tests/AbstractServiceTest.php" line="61" class="Valksor\Component\Sse\Tests\AbstractServiceTest" classname="Valksor.Component.Sse.Tests.AbstractServiceTest" assertions="1" time="0.000000"/>
        <testcase name="testParseCommaSeparatedList" file="/var/www/html/valksor/src/Valksor/Component/Sse/Tests/AbstractServiceTest.php" line="68" class="Valksor\Component\Sse\Tests\AbstractServiceTest" classname="Valksor.Component.Sse.Tests.AbstractServiceTest" assertions="2" time="0.000000"/>
        <testcase name="testRemovePidFileDeletesExistingFile" file="/var/www/html/valksor/src/Valksor/Component/Sse/Tests/AbstractServiceTest.php" line="76" class="Valksor\Component\Sse\Tests\AbstractServiceTest" classname="Valksor.Component.Sse.Tests.AbstractServiceTest" assertions="1" time="0.000000"/>
        <testcase name="testStartWithLifecycleCreatesPidFileAndCleansUp" file="/var/www/html/valksor/src/Valksor/Component/Sse/Tests/AbstractServiceTest.php" line="87" class="Valksor\Component\Sse\Tests\AbstractServiceTest" classname="Valksor.Component.Sse.Tests.AbstractServiceTest" assertions="5" time="0.000000"/>
        <testcase name="testStartWithLifecycleHandlesFailuresAndRemovesPidFile" file="/var/www/html/valksor/src/Valksor/Component/Sse/Tests/AbstractServiceTest.php" line="102" class="Valksor\Component\Sse\Tests\AbstractServiceTest" classname="Valksor.Component.Sse.Tests.AbstractServiceTest" assertions="4" time="0.000000"/>
      </testsuite>
      <testsuite name="Valksor\Component\Sse\Tests\Command\SseCommandTest" file="/var/www/html/valksor/src/Valksor/Component/Sse/Tests/Command/SseCommandTest.php" tests="3" assertions="4" errors="0" failures="0" skipped="0" time="0.000000">
        <testcase name="testCommandHasCorrectName" file="/var/www/html/valksor/src/Valksor/Component/Sse/Tests/Command/SseCommandTest.php" line="24" class="Valksor\Component\Sse\Tests\Command\SseCommandTest" classname="Valksor.Component.Sse.Tests.Command.SseCommandTest" assertions="1" time="0.000000"/>
        <testcase name="testCommandHasDescription" file="/var/www/html/valksor/src/Valksor/Component/Sse/Tests/Command/SseCommandTest.php" line="29" class="Valksor\Component\Sse\Tests\Command\SseCommandTest" classname="Valksor.Component.Sse.Tests.Command.SseCommandTest" assertions="2" time="0.000000"/>
        <testcase name="testCommandIsConfigured" file="/var/www/html/valksor/src/Valksor/Component/Sse/Tests/Command/SseCommandTest.php" line="35" class="Valksor\Component\Sse\Tests\Command\SseCommandTest" classname="Valksor.Component.Sse.Tests.Command.SseCommandTest" assertions="1" time="0.000000"/>
      </testsuite>
      <testsuite name="Valksor\Component\Sse\Tests\DependencyInjection\SseConfigurationTest" file="/var/www/html/valksor/src/Valksor/Component/Sse/Tests/DependencyInjection/SseConfigurationTest.php" tests="3" assertions="3" errors="0" failures="0" skipped="0" time="0.000000">
        <testcase name="testAddSectionDoesNotThrowException" file="/var/www/html/valksor/src/Valksor/Component/Sse/Tests/DependencyInjection/SseConfigurationTest.php" line="26" class="Valksor\Component\Sse\Tests\DependencyInjection\SseConfigurationTest" classname="Valksor.Component.Sse.Tests.DependencyInjection.SseConfigurationTest" assertions="1" time="0.000000"/>
        <testcase name="testConfigurationBuild" file="/var/www/html/valksor/src/Valksor/Component/Sse/Tests/DependencyInjection/SseConfigurationTest.php" line="32" class="Valksor\Component\Sse\Tests\DependencyInjection\SseConfigurationTest" classname="Valksor.Component.Sse.Tests.DependencyInjection.SseConfigurationTest" assertions="1" time="0.000000"/>
        <testcase name="testRegisterPreConfigurationWithoutExtensions" file="/var/www/html/valksor/src/Valksor/Component/Sse/Tests/DependencyInjection/SseConfigurationTest.php" line="54" class="Valksor\Component\Sse\Tests\DependencyInjection\SseConfigurationTest" classname="Valksor.Component.Sse.Tests.DependencyInjection.SseConfigurationTest" assertions="1" time="0.000000"/>
      </testsuite>
      <testsuite name="Valksor\Component\Sse\Tests\HelperTest" file="/var/www/html/valksor/src/Valksor/Component/Sse/Tests/HelperTest.php" tests="4" assertions="4" errors="0" failures="0" skipped="0" time="0.000000">
        <testcase name="testEnsureDirectoryCreatesMissingPath" file="/var/www/html/valksor/src/Valksor/Component/Sse/Tests/HelperTest.php" line="34" class="Valksor\Component\Sse\Tests\HelperTest" classname="Valksor.Component.Sse.Tests.HelperTest" assertions="1" time="0.000000"/>
        <testcase name="testJsonEncodeDecodeRoundTrip" file="/var/www/html/valksor/src/Valksor/Component/Sse/Tests/HelperTest.php" line="50" class="Valksor\Component\Sse\Tests\HelperTest" classname="Valksor.Component.Sse.Tests.HelperTest" assertions="1" time="0.000000"/>
        <testcase name="testSetServiceIoInjectsWhenServiceSupportsIt" file="/var/www/html/valksor/src/Valksor/Component/Sse/Tests/HelperTest.php" line="65" class="Valksor\Component\Sse\Tests\HelperTest" classname="Valksor.Component.Sse.Tests.HelperTest" assertions="1" time="0.000000"/>
        <testcase name="testSetServiceIoSkipsWhenServiceDoesNotSupportIt" file="/var/www/html/valksor/src/Valksor/Component/Sse/Tests/HelperTest.php" line="76" class="Valksor\Component\Sse\Tests\HelperTest" classname="Valksor.Component.Sse.Tests.HelperTest" assertions="1" time="0.000000"/>
      </testsuite>
      <testsuite name="Valksor\Component\Sse\Tests\Service\SseServiceTest" file="/var/www/html/valksor/src/Valksor/Component/Sse/Tests/Service/SseServiceTest.php" tests="22" assertions="36" errors="0" failures="0" skipped="0" time="0.000000">
        <testcase name="testCheckReloadSignalWithNoSignalFile" file="/var/www/html/valksor/src/Valksor/Component/Sse/Tests/Service/SseServiceTest.php" line="37" class="Valksor\Component\Sse\Tests\Service\SseServiceTest" classname="Valksor.Component.Sse.Tests.Service.SseServiceTest" assertions="1" time="0.000000"/>
        <testcase name="testCheckReloadSignalWithSignalFile" file="/var/www/html/valksor/src/Valksor/Component/Sse/Tests/Service/SseServiceTest.php" line="50" class="Valksor\Component\Sse\Tests\Service\SseServiceTest" classname="Valksor.Component.Sse.Tests.Service.SseServiceTest" assertions="1" time="0.000000"/>
        <testcase name="testCreateServerWithHttpOnly" file="/var/www/html/valksor/src/Valksor/Component/Sse/Tests/Service/SseServiceTest.php" line="77" class="Valksor\Component\Sse\Tests\Service\SseServiceTest" classname="Valksor.Component.Sse.Tests.Service.SseServiceTest" assertions="2" time="0.000000"/>
        <testcase name="testCreateServerWithTlsFallbackToHttp" file="/var/www/html/valksor/src/Valksor/Component/Sse/Tests/Service/SseServiceTest.php" line="94" class="Valksor\Component\Sse\Tests\Service\SseServiceTest" classname="Valksor.Component.Sse.Tests.Service.SseServiceTest" assertions="2" time="0.000000"/>
        <testcase name="testIsRunningReturnsFalseInitially" file="/var/www/html/valksor/src/Valksor/Component/Sse/Tests/Service/SseServiceTest.php" line="116" class="Valksor\Component\Sse\Tests\Service\SseServiceTest" classname="Valksor.Component.Sse.Tests.Service.SseServiceTest" assertions="1" time="0.000000"/>
        <testcase name="testParseRequestLineWithEmptyRequest" file="/var/www/html/valksor/src/Valksor/Component/Sse/Tests/Service/SseServiceTest.php" line="124" class="Valksor\Component\Sse\Tests\Service\SseServiceTest" classname="Valksor.Component.Sse.Tests.Service.SseServiceTest" assertions="1" time="0.000000"/>
        <testcase name="testParseRequestLineWithInvalidRequest" file="/var/www/html/valksor/src/Valksor/Component/Sse/Tests/Service/SseServiceTest.php" line="135" class="Valksor\Component\Sse\Tests\Service\SseServiceTest" classname="Valksor.Component.Sse.Tests.Service.SseServiceTest" assertions="1" time="0.000000"/>
        <testcase name="testParseRequestLineWithValidGetRequest" file="/var/www/html/valksor/src/Valksor/Component/Sse/Tests/Service/SseServiceTest.php" line="146" class="Valksor\Component\Sse\Tests\Service\SseServiceTest" classname="Valksor.Component.Sse.Tests.Service.SseServiceTest" assertions="4" time="0.000000"/>
        <testcase name="testParseRequestLineWithValidOptionsRequest" file="/var/www/html/valksor/src/Valksor/Component/Sse/Tests/Service/SseServiceTest.php" line="160" class="Valksor\Component\Sse\Tests\Service\SseServiceTest" classname="Valksor.Component.Sse.Tests.Service.SseServiceTest" assertions="4" time="0.000000"/>
        <testcase name="testPurgeClosedClients" file="/var/www/html/valksor/src/Valksor/Component/Sse/Tests/Service/SseServiceTest.php" line="174" class="Valksor\Component\Sse\Tests\Service\SseServiceTest" classname="Valksor.Component.Sse.Tests.Service.SseServiceTest" assertions="1" time="0.000000"/>
        <testcase name="testReload" file="/var/www/html/valksor/src/Valksor/Component/Sse/Tests/Service/SseServiceTest.php" line="194" class="Valksor\Component\Sse\Tests\Service\SseServiceTest" classname="Valksor.Component.Sse.Tests.Service.SseServiceTest" assertions="1" time="0.000000"/>
        <testcase name="testRemoveClient" file="/var/www/html/valksor/src/Valksor/Component/Sse/Tests/Service/SseServiceTest.php" line="206" class="Valksor\Component\Sse\Tests\Service\SseServiceTest" classname="Valksor.Component.Sse.Tests.Service.SseServiceTest" assertions="1" time="0.000000"/>
        <testcase name="testRemoveNonExistentClient" file="/var/www/html/valksor/src/Valksor/Component/Sse/Tests/Service/SseServiceTest.php" line="226" class="Valksor\Component\Sse\Tests\Service\SseServiceTest" classname="Valksor.Component.Sse.Tests.Service.SseServiceTest" assertions="1" time="0.000000"/>
        <testcase name="testSendKeepAlive" file="/var/www/html/valksor/src/Valksor/Component/Sse/Tests/Service/SseServiceTest.php" line="253" class="Valksor\Component\Sse\Tests\Service\SseServiceTest" classname="Valksor.Component.Sse.Tests.Service.SseServiceTest" assertions="0" time="0.000000"/>
        <testcase name="testSendKeepAliveWithNoClients" file="/var/www/html/valksor/src/Valksor/Component/Sse/Tests/Service/SseServiceTest.php" line="278" class="Valksor\Component\Sse\Tests\Service\SseServiceTest" classname="Valksor.Component.Sse.Tests.Service.SseServiceTest" assertions="1" time="0.000000"/>
        <testcase name="testSendResponse" file="/var/www/html/valksor/src/Valksor/Component/Sse/Tests/Service/SseServiceTest.php" line="295" class="Valksor\Component\Sse\Tests\Service\SseServiceTest" classname="Valksor.Component.Sse.Tests.Service.SseServiceTest" assertions="3" time="0.000000"/>
        <testcase name="testStartWithInvalidPortReturnsFailure" file="/var/www/html/valksor/src/Valksor/Component/Sse/Tests/Service/SseServiceTest.php" line="319" class="Valksor\Component\Sse\Tests\Service\SseServiceTest" classname="Valksor.Component.Sse.Tests.Service.SseServiceTest" assertions="3" time="0.000000"/>
        <testcase name="testStop" file="/var/www/html/valksor/src/Valksor/Component/Sse/Tests/Service/SseServiceTest.php" line="346" class="Valksor\Component\Sse\Tests\Service\SseServiceTest" classname="Valksor.Component.Sse.Tests.Service.SseServiceTest" assertions="1" time="0.000000"/>
        <testcase name="testTriggerReloadWithNoClients" file="/var/www/html/valksor/src/Valksor/Component/Sse/Tests/Service/SseServiceTest.php" line="359" class="Valksor\Component\Sse\Tests\Service\SseServiceTest" classname="Valksor.Component.Sse.Tests.Service.SseServiceTest" assertions="1" time="0.000000"/>
        <testcase name="testTriggerReloadWithSpecificFile" file="/var/www/html/valksor/src/Valksor/Component/Sse/Tests/Service/SseServiceTest.php" line="371" class="Valksor\Component\Sse\Tests\Service\SseServiceTest" classname="Valksor.Component.Sse.Tests.Service.SseServiceTest" assertions="1" time="0.000000"/>
        <testcase name="testTriggerReloadWithStar" file="/var/www/html/valksor/src/Valksor/Component/Sse/Tests/Service/SseServiceTest.php" line="394" class="Valksor\Component\Sse\Tests\Service\SseServiceTest" classname="Valksor.Component.Sse.Tests.Service.SseServiceTest" assertions="1" time="0.000000"/>
        <testcase name="testUpgradeToSse" file="/var/www/html/valksor/src/Valksor/Component/Sse/Tests/Service/SseServiceTest.php" line="418" class="Valksor\Component\Sse\Tests\Service\SseServiceTest" classname="Valksor.Component.Sse.Tests.Service.SseServiceTest" assertions="4" time="0.000000"/>
      </testsuite>
      <testsuite name="Valksor\Component\Sse\Tests\Twig\ImportMapExtensionTest" file="/var/www/html/valksor/src/Valksor/Component/Sse/Tests/Twig/ImportMapExtensionTest.php" tests="6" assertions="26" errors="0" failures="0" skipped="0" time="0.000000">
        <testcase name="testExtensionHasNoFilters" file="/var/www/html/valksor/src/Valksor/Component/Sse/Tests/Twig/ImportMapExtensionTest.php" line="24" class="Valksor\Component\Sse\Tests\Twig\ImportMapExtensionTest" classname="Valksor.Component.Sse.Tests.Twig.ImportMapExtensionTest" assertions="1" time="0.000000"/>
        <testcase name="testExtensionHasNoTags" file="/var/www/html/valksor/src/Valksor/Component/Sse/Tests/Twig/ImportMapExtensionTest.php" line="30" class="Valksor\Component\Sse\Tests\Twig\ImportMapExtensionTest" classname="Valksor.Component.Sse.Tests.Twig.ImportMapExtensionTest" assertions="1" time="0.000000"/>
        <testcase name="testExtensionHasNoTests" file="/var/www/html/valksor/src/Valksor/Component/Sse/Tests/Twig/ImportMapExtensionTest.php" line="36" class="Valksor\Component\Sse\Tests\Twig\ImportMapExtensionTest" classname="Valksor.Component.Sse.Tests.Twig.ImportMapExtensionTest" assertions="1" time="0.000000"/>
        <testcase name="testFunctionNamesAreCorrect" file="/var/www/html/valksor/src/Valksor/Component/Sse/Tests/Twig/ImportMapExtensionTest.php" line="42" class="Valksor\Component\Sse\Tests\Twig\ImportMapExtensionTest" classname="Valksor.Component.Sse.Tests.Twig.ImportMapExtensionTest" assertions="9" time="0.000000"/>
        <testcase name="testFunctionsDelegateToRuntime" file="/var/www/html/valksor/src/Valksor/Component/Sse/Tests/Twig/ImportMapExtensionTest.php" line="51" class="Valksor\Component\Sse\Tests\Twig\ImportMapExtensionTest" classname="Valksor.Component.Sse.Tests.Twig.ImportMapExtensionTest" assertions="9" time="0.000000"/>
        <testcase name="testGetFunctions" file="/var/www/html/valksor/src/Valksor/Component/Sse/Tests/Twig/ImportMapExtensionTest.php" line="62" class="Valksor\Component\Sse\Tests\Twig\ImportMapExtensionTest" classname="Valksor.Component.Sse.Tests.Twig.ImportMapExtensionTest" assertions="5" time="0.000000"/>
      </testsuite>
      <testsuite name="Valksor\Component\Sse\Tests\Twig\ImportMapRuntimeTest" file="/var/www/html/valksor/src/Valksor/Component/Sse/Tests/Twig/ImportMapRuntimeTest.php" tests="3" assertions="3" errors="0" failures="0" skipped="0" time="0.000000">
        <testcase name="testPingReturnsBoolean" file="/var/www/html/valksor/src/Valksor/Component/Sse/Tests/Twig/ImportMapRuntimeTest.php" line="28" class="Valksor\Component\Sse\Tests\Twig\ImportMapRuntimeTest" classname="Valksor.Component.Sse.Tests.Twig.ImportMapRuntimeTest" assertions="1" time="0.000000"/>
        <testcase name="testRenderDefinitionReturnsString" file="/var/www/html/valksor/src/Valksor/Component/Sse/Tests/Twig/ImportMapRuntimeTest.php" line="38" class="Valksor\Component\Sse\Tests\Twig\ImportMapRuntimeTest" classname="Valksor.Component.Sse.Tests.Twig.ImportMapRuntimeTest" assertions="1" time="0.000000"/>
        <testcase name="testRenderScriptsReturnsString" file="/var/www/html/valksor/src/Valksor/Component/Sse/Tests/Twig/ImportMapRuntimeTest.php" line="45" class="Valksor\Component\Sse\Tests\Twig\ImportMapRuntimeTest" classname="Valksor.Component.Sse.Tests.Twig.ImportMapRuntimeTest" assertions="1" time="0.000000"/>
      </testsuite>
    </testsuite>
  </testsuite>
</testsuites>
